<?xml version="1.0" encoding="UTF-8"?>
<!-- Generated by org.testng.reporters.JUnitReportReporter -->
<testsuite hostname="DESKTOP-IRS3JOK" failures="0" tests="1" name="testNG.Dataxm" time="0.037" errors="0" timestamp="2023-10-04T12:02:30 IST" skipped="0">
  <testcase classname="testNG.Dataxm" name="lol" time="0.037"/>
</testsuite> <!-- testNG.Dataxm -->
