<?xml version="1.0" encoding="UTF-8"?>
<!-- Generated by org.testng.reporters.JUnitReportReporter -->
<testsuite hostname="DESKTOP-IRS3JOK" failures="0" tests="1" name="testNG.Demo" time="82.706" errors="0" timestamp="2023-09-20T10:59:54 IST" skipped="0">
  <testcase classname="testNG.Demo" name="m" time="82.706"/>
</testsuite> <!-- testNG.Demo -->
