<?xml version="1.0" encoding="UTF-8"?>
<!-- Generated by org.testng.reporters.JUnitReportReporter -->
<testsuite hostname="DESKTOP-IRS3JOK" failures="0" tests="1" name="testNG.DataP" time="3.782" errors="0" timestamp="2023-09-26T18:57:20 IST" skipped="0">
  <testcase classname="testNG.DataP" name="m1" time="3.782"/>
</testsuite> <!-- testNG.DataP -->
